#
# A fatal error has been detected by the Java Runtime Environment:
#
#  EXCEPTION_ACCESS_VIOLATION (0xc0000005) at pc=0x00007ffcc6f6e3bf, pid=174792, tid=173100
#
# JRE version: OpenJDK Runtime Environment Corretto-11.0.15.9.1 (11.0.15+9) (build 11.0.15+9-LTS)
# Java VM: OpenJDK 64-Bit Server VM Corretto-11.0.15.9.1 (11.0.15+9-LTS, mixed mode, tiered, compressed oops, g1 gc, windows-amd64)
# Problematic frame:
# V  [jvm.dll+0x1ce3bf]
#
# No core dump will be written. Minidumps are not enabled by default on client versions of Windows
#
# If you would like to submit a bug report, please visit:
#   https://github.com/corretto/corretto-11/issues/
#

---------------  S U M M A R Y ------------

Command Line: -Dmaven.multiModuleProjectDirectory=C:\Users\X11608\Documents\Personal\Backend\Microservices\Microservices-Project\springboot-servicio-usuarios-commons -Dmaven.home=C:\apache-maven-3.6.3 -Dclassworlds.conf=C:\apache-maven-3.6.3\bin\m2.conf -Dmaven.ext.class.path=C:\Program Files\JetBrains\IntelliJ IDEA 2022.1\plugins\maven\lib\maven-event-listener.jar -javaagent:C:\Program Files\JetBrains\IntelliJ IDEA 2022.1\lib\idea_rt.jar=51277:C:\Program Files\JetBrains\IntelliJ IDEA 2022.1\bin -Dfile.encoding=UTF-8 org.codehaus.classworlds.Launcher -Didea.version=2022.1 install

Host: Intel(R) Core(TM) i7-8565U CPU @ 1.80GHz, 8 cores, 15G,  Windows 10 , 64 bit Build 19041 (10.0.19041.2364)
Time: Wed Feb  1 23:22:16 2023 SA Pacific Standard Time elapsed time: 1.030026 seconds (0d 0h 0m 1s)

---------------  T H R E A D  ---------------

Current thread (0x00000295737b0800):  JavaThread "Attach Listener" daemon [_thread_in_vm, id=173100, stack(0x000000e78ca00000,0x000000e78cb00000)]

Stack: [0x000000e78ca00000,0x000000e78cb00000],  sp=0x000000e78cafd790,  free space=1013k
Native frames: (J=compiled Java code, j=interpreted, Vv=VM code, C=native code)
V  [jvm.dll+0x1ce3bf]
V  [jvm.dll+0x1cf635]
V  [jvm.dll+0x1d0114]
V  [jvm.dll+0x1c4e59]
V  [jvm.dll+0x4f33a5]
V  [jvm.dll+0x1d67b0]
V  [jvm.dll+0x74332e]
V  [jvm.dll+0x744701]
V  [jvm.dll+0x744e48]
V  [jvm.dll+0x1d0885]
V  [jvm.dll+0x1c4e72]
V  [jvm.dll+0x4f33a5]
V  [jvm.dll+0x1d67b0]
V  [jvm.dll+0x74332e]
V  [jvm.dll+0x744701]
V  [jvm.dll+0x744933]
V  [jvm.dll+0x248e7e]
V  [jvm.dll+0x372bb6]
C  0x0000029557b4df29

Java frames: (J=compiled Java code, j=interpreted, Vv=VM code)
j  java.util.ResourceBundle$Control$CandidateListCache.getDefaultList(Ljava/lang/String;Ljava/lang/String;Ljava/lang/String;Ljava/lang/String;)Ljava/util/List;+62 java.base@11.0.15
j  java.util.ResourceBundle$Control$CandidateListCache.createObject(Lsun/util/locale/BaseLocale;)Ljava/util/List;+511 java.base@11.0.15
j  java.util.ResourceBundle$Control$CandidateListCache.createObject(Ljava/lang/Object;)Ljava/lang/Object;+5 java.base@11.0.15
j  sun.util.locale.LocaleObjectCache.get(Ljava/lang/Object;)Ljava/lang/Object;+41 java.base@11.0.15
j  java.util.ResourceBundle$Control.getCandidateLocales(Ljava/lang/String;Ljava/util/Locale;)Ljava/util/List;+23 java.base@11.0.15
j  sun.util.locale.provider.LocaleServiceProviderPool.getLookupLocales(Ljava/util/Locale;)Ljava/util/List;+9 java.base@11.0.15
j  sun.util.locale.provider.LocaleServiceProviderPool.getLocalizedObjectImpl(Lsun/util/locale/provider/LocaleServiceProviderPool$LocalizedObjectGetter;Ljava/util/Locale;ZLjava/lang/String;[Ljava/lang/Object;)Ljava/lang/Object;+13 java.base@11.0.15
j  sun.util.locale.provider.LocaleServiceProviderPool.getLocalizedObject(Lsun/util/locale/provider/LocaleServiceProviderPool$LocalizedObjectGetter;Ljava/util/Locale;Ljava/lang/String;[Ljava/lang/Object;)Ljava/lang/Object;+7 java.base@11.0.15
j  sun.util.locale.provider.TimeZoneNameUtility.retrieveDisplayNamesImpl(Ljava/lang/String;Ljava/util/Locale;)[Ljava/lang/String;+140 java.base@11.0.15
j  sun.util.locale.provider.TimeZoneNameUtility.retrieveDisplayName(Ljava/lang/String;ZILjava/util/Locale;)Ljava/lang/String;+2 java.base@11.0.15
j  java.util.TimeZone.getDisplayName(ZILjava/util/Locale;)Ljava/lang/String;+47 java.base@11.0.15
j  java.util.Date.toString()Ljava/lang/String;+150 java.base@11.0.15
j  java.util.Properties.store0(Ljava/io/BufferedWriter;Ljava/lang/String;Z)V+29 java.base@11.0.15
j  java.util.Properties.store(Ljava/io/OutputStream;Ljava/lang/String;)V+21 java.base@11.0.15
j  jdk.internal.vm.VMSupport.serializePropertiesToByteArray(Ljava/util/Properties;)[B+77 java.base@11.0.15
j  jdk.internal.vm.VMSupport.serializeAgentPropertiesToByteArray()[B+3 java.base@11.0.15
v  ~StubRoutines::call_stub

siginfo: EXCEPTION_ACCESS_VIOLATION (0xc0000005), reading address 0x000002957368c010


Register to memory mapping:

RIP=0x00007ffcc6f6e3bf jvm.dll
RAX=0x000000000000b600 is an unknown value
RBX=0x00000295737b0800 is a thread
RCX=0x0000029573630fd0 is pointing into metadata
RDX=0x0 is NULL
RSP=0x000000e78cafd790 is pointing into the stack for thread: 0x00000295737b0800
RBP=0x000000e78cafd8a0 is pointing into the stack for thread: 0x00000295737b0800
RSI=0x0000029573630fd0 is pointing into metadata
RDI=0x000000000000b600 is an unknown value
R8 =0x0000029573a8a9fd points into unknown readable memory: 44 71 45
R9 =0x0000029572e0ec20 points into unknown readable memory: 0x657302d3ffff0003 | 03 00 ff ff d3 02 73 65
R10=0x0000000000000001 is an unknown value
R11=0x000000e78cafd788 is pointing into the stack for thread: 0x00000295737b0800
R12=0x0 is NULL
R13=0x0000029573a8ae70 points into unknown readable memory: 0x00007ffcc76361d8 | d8 61 63 c7 fc 7f 00 00
R14=0x0000000044714594 is an unknown value
R15=0x000000e78cafdd30 is pointing into the stack for thread: 0x00000295737b0800


Registers:
RAX=0x000000000000b600, RBX=0x00000295737b0800, RCX=0x0000029573630fd0, RDX=0x0000000000000000
RSP=0x000000e78cafd790, RBP=0x000000e78cafd8a0, RSI=0x0000029573630fd0, RDI=0x000000000000b600
R8 =0x0000029573a8a9fd, R9 =0x0000029572e0ec20, R10=0x0000000000000001, R11=0x000000e78cafd788
R12=0x0000000000000000, R13=0x0000029573a8ae70, R14=0x0000000044714594, R15=0x000000e78cafdd30
RIP=0x00007ffcc6f6e3bf, EFLAGS=0x0000000000010246

Top of Stack: (sp=0x000000e78cafd790)
0x000000e78cafd790:   000000e78cafdd30 000000e700000001
0x000000e78cafd7a0:   00000295737b0800 0000029572e0ec20
0x000000e78cafd7b0:   00000295737b0800 0000029500000000
0x000000e78cafd7c0:   0000000000000000 0000029500000000
0x000000e78cafd7d0:   0000000000000000 0000029500000000
0x000000e78cafd7e0:   0000000000000000 00007ffc00000000
0x000000e78cafd7f0:   0000000000000000 000000e700000000
0x000000e78cafd800:   0000000000000000 ffffffff00000000
0x000000e78cafd810:   00000295737b0800 00007ffcc738ece5
0x000000e78cafd820:   0000000000000000 0000000000000000
0x000000e78cafd830:   000000008caf0000 0028010000000000
0x000000e78cafd840:   000000014d160029 00000000ffffffff
0x000000e78cafd850:   0000000000000001 00000295737b0000
0x000000e78cafd860:   000000937ee0db01 00000000ffffffff
0x000000e78cafd870:   0000000000000000 0000000000000000
0x000000e78cafd880:   0000000000000000 0000000100000000 

Instructions: (pc=0x00007ffcc6f6e3bf)
0x00007ffcc6f6e2bf:   41 02 49 89 45 18 0f 84 e6 0c 00 00 4c 8b bd 70
0x00007ffcc6f6e2cf:   01 00 00 b8 ff ff 00 00 66 0f 1f 84 00 00 00 00
0x00007ffcc6f6e2df:   00 66 03 d0 49 8b 45 10 49 2b 45 18 66 89 55 c2
0x00007ffcc6f6e2ef:   48 83 f8 06 73 0b 48 8b d3 49 8b cd e8 f0 46 00
0x00007ffcc6f6e2ff:   00 48 83 7b 08 00 0f 85 94 fd ff ff 49 8b 4d 18
0x00007ffcc6f6e30f:   4c 8d 41 02 0f b7 01 0f b6 f0 66 c1 e8 08 4d 89
0x00007ffcc6f6e31f:   45 18 41 8b 10 66 c1 e6 08 66 0b f0 8b c2 c1 e8
0x00007ffcc6f6e32f:   08 44 0f b6 f0 0f b6 c2 c1 e0 08 44 0b f0 0f b7
0x00007ffcc6f6e33f:   fe 41 c1 e6 08 8b c2 c1 e8 10 0f b6 c8 49 8d 40
0x00007ffcc6f6e34f:   04 44 0b f1 49 89 45 18 49 8b 4f 48 41 c1 e6 08
0x00007ffcc6f6e35f:   c1 ea 18 44 0b f2 44 89 75 30 3b 79 34 7d 15 44
0x00007ffcc6f6e36f:   8b c7 48 8d 55 ec e8 96 d4 07 00 80 38 01 75 04
0x00007ffcc6f6e37f:   b0 01 eb 02 32 c0 41 80 bf a8 01 00 00 00 74 19
0x00007ffcc6f6e38f:   84 c0 75 15 4c 8b cb 48 8d 15 c3 8d 6c 00 44 8b
0x00007ffcc6f6e39f:   c7 49 8b cf e8 b8 63 ff ff 48 8b 53 08 48 85 d2
0x00007ffcc6f6e3af:   0f 85 ea fc ff ff 0f b7 c6 48 8b b5 88 01 00 00
0x00007ffcc6f6e3bf:   48 8b 4c c6 40 48 3b 0d 1d 61 91 00 0f 85 56 07
0x00007ffcc6f6e3cf:   00 00 33 c0 8b c8 41 38 87 a8 01 00 00 74 38 8b
0x00007ffcc6f6e3df:   45 a4 8b c8 c1 e9 08 f6 c1 01 75 0c c1 e8 0a a8
0x00007ffcc6f6e3ef:   01 75 05 48 8b ca eb 16 4c 8b c3 48 8d 15 97 8d
0x00007ffcc6f6e3ff:   6c 00 49 8b cf e8 17 64 ff ff 48 8b 4b 08 48 85
0x00007ffcc6f6e40f:   c9 0f 85 89 fc ff ff 80 bd 78 01 00 00 00 74 1f
0x00007ffcc6f6e41f:   4c 8b c3 48 8d 15 af 8d 6c 00 49 8b cf e8 ef 63
0x00007ffcc6f6e42f:   ff ff 48 8b 4b 08 48 85 c9 0f 85 61 fc ff ff 66
0x00007ffcc6f6e43f:   41 83 bf 9c 01 00 00 2d c6 85 78 01 00 00 01 75
0x00007ffcc6f6e44f:   76 66 41 83 bf 9e 01 00 00 02 77 6b 49 8b 45 10
0x00007ffcc6f6e45f:   49 2b 45 18 48 83 f8 04 73 0f 48 8b d3 49 8b cd
0x00007ffcc6f6e46f:   e8 7c 45 00 00 48 8b 4b 08 48 85 c9 0f 85 1e fc
0x00007ffcc6f6e47f:   ff ff 49 8b 45 18 0f b6 08 48 ff c0 0f b6 c9 49
0x00007ffcc6f6e48f:   89 45 18 66 89 4d 96 0f b6 08 48 8d 50 01 44 0f
0x00007ffcc6f6e49f:   b7 c9 66 89 4d 86 49 89 55 18 0f b7 02 0f b6 c8
0x00007ffcc6f6e4af:   66 c1 e1 08 66 c1 e8 08 66 0b c8 0f b7 f9 48 83 


Stack slot to memory mapping:
stack at sp + 0 slots: 0x000000e78cafdd30 is pointing into the stack for thread: 0x00000295737b0800
stack at sp + 1 slots: 0x000000e700000001 is an unknown value
stack at sp + 2 slots: 0x00000295737b0800 is a thread
stack at sp + 3 slots: 0x0000029572e0ec20 points into unknown readable memory: 0x657302d3ffff0003 | 03 00 ff ff d3 02 73 65
stack at sp + 4 slots: 0x00000295737b0800 is a thread
stack at sp + 5 slots: 0x0000029500000000 is an unknown value
stack at sp + 6 slots: 0x0 is NULL
stack at sp + 7 slots: 0x0000029500000000 is an unknown value


---------------  P R O C E S S  ---------------

Threads class SMR info:
_java_thread_list=0x0000029573e511f0, length=11, elements={
0x000002954f3d3000, 0x0000029572ea2800, 0x0000029572ea4000, 0x00000295737af800,
0x00000295737b0800, 0x00000295737b4000, 0x00000295737b5000, 0x00000295737c0800,
0x00000295737c1800, 0x0000029573929800, 0x0000029573a73800
}

Java Threads: ( => current thread )
  0x000002954f3d3000 JavaThread "main" [_thread_in_native, id=165520, stack(0x000000e78c000000,0x000000e78c100000)]
  0x0000029572ea2800 JavaThread "Reference Handler" daemon [_thread_blocked, id=173216, stack(0x000000e78c700000,0x000000e78c800000)]
  0x0000029572ea4000 JavaThread "Finalizer" daemon [_thread_blocked, id=176812, stack(0x000000e78c800000,0x000000e78c900000)]
  0x00000295737af800 JavaThread "Signal Dispatcher" daemon [_thread_blocked, id=176620, stack(0x000000e78c900000,0x000000e78ca00000)]
=>0x00000295737b0800 JavaThread "Attach Listener" daemon [_thread_in_vm, id=173100, stack(0x000000e78ca00000,0x000000e78cb00000)]
  0x00000295737b4000 JavaThread "Service Thread" daemon [_thread_blocked, id=171488, stack(0x000000e78cb00000,0x000000e78cc00000)]
  0x00000295737b5000 JavaThread "C2 CompilerThread0" daemon [_thread_blocked, id=175508, stack(0x000000e78cc00000,0x000000e78cd00000)]
  0x00000295737c0800 JavaThread "C1 CompilerThread0" daemon [_thread_blocked, id=176776, stack(0x000000e78cd00000,0x000000e78ce00000)]
  0x00000295737c1800 JavaThread "Sweeper thread" daemon [_thread_blocked, id=176488, stack(0x000000e78ce00000,0x000000e78cf00000)]
  0x0000029573929800 JavaThread "Common-Cleaner" daemon [_thread_blocked, id=177104, stack(0x000000e78cf00000,0x000000e78d000000)]
  0x0000029573a73800 JavaThread "Monitor Ctrl-Break" daemon [_thread_in_native, id=176788, stack(0x000000e78d100000,0x000000e78d200000)]

Other Threads:
  0x0000029572ecb800 VMThread "VM Thread" [stack: 0x000000e78c600000,0x000000e78c700000] [id=168032]
  0x0000029573a74800 WatcherThread [stack: 0x000000e78d200000,0x000000e78d300000] [id=162760]
  0x000002954f3ec800 GCTaskThread "GC Thread#0" [stack: 0x000000e78c100000,0x000000e78c200000] [id=176752]
  0x000002954f449000 ConcurrentGCThread "G1 Main Marker" [stack: 0x000000e78c200000,0x000000e78c300000] [id=168192]
  0x000002954f44a800 ConcurrentGCThread "G1 Conc#0" [stack: 0x000000e78c300000,0x000000e78c400000] [id=167236]
  0x0000029572d8a800 ConcurrentGCThread "G1 Refine#0" [stack: 0x000000e78c400000,0x000000e78c500000] [id=173584]
  0x0000029572d8b800 ConcurrentGCThread "G1 Young RemSet Sampling" [stack: 0x000000e78c500000,0x000000e78c600000] [id=101224]

Threads with active compile tasks:

VM state:not at safepoint (normal execution)

VM Mutex/Monitor currently owned by a thread: None

Heap address: 0x0000000703e00000, size: 4034 MB, Compressed Oops mode: Zero based, Oop shift amount: 3
Narrow klass base: 0x0000000800000000, Narrow klass shift: 0
Compressed class space size: 1073741824 Address: 0x0000000800000000

Heap:
 garbage-first heap   total 260096K, used 4096K [0x0000000703e00000, 0x0000000800000000)
  region size 1024K, 6 young (6144K), 0 survivors (0K)
 Metaspace       used 8213K, capacity 8394K, committed 8576K, reserved 1056768K
  class space    used 721K, capacity 784K, committed 896K, reserved 1048576K
Heap Regions: E=young(eden), S=young(survivor), O=old, HS=humongous(starts), HC=humongous(continues), CS=collection set, F=free, A=archive, TAMS=top-at-mark-start (previous, next)
|   0|0x0000000703e00000, 0x0000000703e00000, 0x0000000703f00000|  0%| F|  |TAMS 0x0000000703e00000, 0x0000000703e00000| Untracked 
|   1|0x0000000703f00000, 0x0000000703f00000, 0x0000000704000000|  0%| F|  |TAMS 0x0000000703f00000, 0x0000000703f00000| Untracked 
|   2|0x0000000704000000, 0x0000000704000000, 0x0000000704100000|  0%| F|  |TAMS 0x0000000704000000, 0x0000000704000000| Untracked 
|   3|0x0000000704100000, 0x0000000704100000, 0x0000000704200000|  0%| F|  |TAMS 0x0000000704100000, 0x0000000704100000| Untracked 
|   4|0x0000000704200000, 0x0000000704200000, 0x0000000704300000|  0%| F|  |TAMS 0x0000000704200000, 0x0000000704200000| Untracked 
|   5|0x0000000704300000, 0x0000000704300000, 0x0000000704400000|  0%| F|  |TAMS 0x0000000704300000, 0x0000000704300000| Untracked 
|   6|0x0000000704400000, 0x0000000704400000, 0x0000000704500000|  0%| F|  |TAMS 0x0000000704400000, 0x0000000704400000| Untracked 
|   7|0x0000000704500000, 0x0000000704500000, 0x0000000704600000|  0%| F|  |TAMS 0x0000000704500000, 0x0000000704500000| Untracked 
|   8|0x0000000704600000, 0x0000000704600000, 0x0000000704700000|  0%| F|  |TAMS 0x0000000704600000, 0x0000000704600000| Untracked 
|   9|0x0000000704700000, 0x0000000704700000, 0x0000000704800000|  0%| F|  |TAMS 0x0000000704700000, 0x0000000704700000| Untracked 
|  10|0x0000000704800000, 0x0000000704800000, 0x0000000704900000|  0%| F|  |TAMS 0x0000000704800000, 0x0000000704800000| Untracked 
|  11|0x0000000704900000, 0x0000000704900000, 0x0000000704a00000|  0%| F|  |TAMS 0x0000000704900000, 0x0000000704900000| Untracked 
|  12|0x0000000704a00000, 0x0000000704a00000, 0x0000000704b00000|  0%| F|  |TAMS 0x0000000704a00000, 0x0000000704a00000| Untracked 
|  13|0x0000000704b00000, 0x0000000704b00000, 0x0000000704c00000|  0%| F|  |TAMS 0x0000000704b00000, 0x0000000704b00000| Untracked 
|  14|0x0000000704c00000, 0x0000000704c00000, 0x0000000704d00000|  0%| F|  |TAMS 0x0000000704c00000, 0x0000000704c00000| Untracked 
|  15|0x0000000704d00000, 0x0000000704d00000, 0x0000000704e00000|  0%| F|  |TAMS 0x0000000704d00000, 0x0000000704d00000| Untracked 
|  16|0x0000000704e00000, 0x0000000704e00000, 0x0000000704f00000|  0%| F|  |TAMS 0x0000000704e00000, 0x0000000704e00000| Untracked 
|  17|0x0000000704f00000, 0x0000000704f00000, 0x0000000705000000|  0%| F|  |TAMS 0x0000000704f00000, 0x0000000704f00000| Untracked 
|  18|0x0000000705000000, 0x0000000705000000, 0x0000000705100000|  0%| F|  |TAMS 0x0000000705000000, 0x0000000705000000| Untracked 
|  19|0x0000000705100000, 0x0000000705100000, 0x0000000705200000|  0%| F|  |TAMS 0x0000000705100000, 0x0000000705100000| Untracked 
|  20|0x0000000705200000, 0x0000000705200000, 0x0000000705300000|  0%| F|  |TAMS 0x0000000705200000, 0x0000000705200000| Untracked 
|  21|0x0000000705300000, 0x0000000705300000, 0x0000000705400000|  0%| F|  |TAMS 0x0000000705300000, 0x0000000705300000| Untracked 
|  22|0x0000000705400000, 0x0000000705400000, 0x0000000705500000|  0%| F|  |TAMS 0x0000000705400000, 0x0000000705400000| Untracked 
|  23|0x0000000705500000, 0x0000000705500000, 0x0000000705600000|  0%| F|  |TAMS 0x0000000705500000, 0x0000000705500000| Untracked 
|  24|0x0000000705600000, 0x0000000705600000, 0x0000000705700000|  0%| F|  |TAMS 0x0000000705600000, 0x0000000705600000| Untracked 
|  25|0x0000000705700000, 0x0000000705700000, 0x0000000705800000|  0%| F|  |TAMS 0x0000000705700000, 0x0000000705700000| Untracked 
|  26|0x0000000705800000, 0x0000000705800000, 0x0000000705900000|  0%| F|  |TAMS 0x0000000705800000, 0x0000000705800000| Untracked 
|  27|0x0000000705900000, 0x0000000705900000, 0x0000000705a00000|  0%| F|  |TAMS 0x0000000705900000, 0x0000000705900000| Untracked 
|  28|0x0000000705a00000, 0x0000000705a00000, 0x0000000705b00000|  0%| F|  |TAMS 0x0000000705a00000, 0x0000000705a00000| Untracked 
|  29|0x0000000705b00000, 0x0000000705b00000, 0x0000000705c00000|  0%| F|  |TAMS 0x0000000705b00000, 0x0000000705b00000| Untracked 
|  30|0x0000000705c00000, 0x0000000705c00000, 0x0000000705d00000|  0%| F|  |TAMS 0x0000000705c00000, 0x0000000705c00000| Untracked 
|  31|0x0000000705d00000, 0x0000000705d00000, 0x0000000705e00000|  0%| F|  |TAMS 0x0000000705d00000, 0x0000000705d00000| Untracked 
|  32|0x0000000705e00000, 0x0000000705e00000, 0x0000000705f00000|  0%| F|  |TAMS 0x0000000705e00000, 0x0000000705e00000| Untracked 
|  33|0x0000000705f00000, 0x0000000705f00000, 0x0000000706000000|  0%| F|  |TAMS 0x0000000705f00000, 0x0000000705f00000| Untracked 
|  34|0x0000000706000000, 0x0000000706000000, 0x0000000706100000|  0%| F|  |TAMS 0x0000000706000000, 0x0000000706000000| Untracked 
|  35|0x0000000706100000, 0x0000000706100000, 0x0000000706200000|  0%| F|  |TAMS 0x0000000706100000, 0x0000000706100000| Untracked 
|  36|0x0000000706200000, 0x0000000706200000, 0x0000000706300000|  0%| F|  |TAMS 0x0000000706200000, 0x0000000706200000| Untracked 
|  37|0x0000000706300000, 0x0000000706300000, 0x0000000706400000|  0%| F|  |TAMS 0x0000000706300000, 0x0000000706300000| Untracked 
|  38|0x0000000706400000, 0x0000000706400000, 0x0000000706500000|  0%| F|  |TAMS 0x0000000706400000, 0x0000000706400000| Untracked 
|  39|0x0000000706500000, 0x0000000706500000, 0x0000000706600000|  0%| F|  |TAMS 0x0000000706500000, 0x0000000706500000| Untracked 
|  40|0x0000000706600000, 0x0000000706600000, 0x0000000706700000|  0%| F|  |TAMS 0x0000000706600000, 0x0000000706600000| Untracked 
|  41|0x0000000706700000, 0x0000000706700000, 0x0000000706800000|  0%| F|  |TAMS 0x0000000706700000, 0x0000000706700000| Untracked 
|  42|0x0000000706800000, 0x0000000706800000, 0x0000000706900000|  0%| F|  |TAMS 0x0000000706800000, 0x0000000706800000| Untracked 
|  43|0x0000000706900000, 0x0000000706900000, 0x0000000706a00000|  0%| F|  |TAMS 0x0000000706900000, 0x0000000706900000| Untracked 
|  44|0x0000000706a00000, 0x0000000706a00000, 0x0000000706b00000|  0%| F|  |TAMS 0x0000000706a00000, 0x0000000706a00000| Untracked 
|  45|0x0000000706b00000, 0x0000000706b00000, 0x0000000706c00000|  0%| F|  |TAMS 0x0000000706b00000, 0x0000000706b00000| Untracked 
|  46|0x0000000706c00000, 0x0000000706c00000, 0x0000000706d00000|  0%| F|  |TAMS 0x0000000706c00000, 0x0000000706c00000| Untracked 
|  47|0x0000000706d00000, 0x0000000706d00000, 0x0000000706e00000|  0%| F|  |TAMS 0x0000000706d00000, 0x0000000706d00000| Untracked 
|  48|0x0000000706e00000, 0x0000000706e00000, 0x0000000706f00000|  0%| F|  |TAMS 0x0000000706e00000, 0x0000000706e00000| Untracked 
|  49|0x0000000706f00000, 0x0000000706f00000, 0x0000000707000000|  0%| F|  |TAMS 0x0000000706f00000, 0x0000000706f00000| Untracked 
|  50|0x0000000707000000, 0x0000000707000000, 0x0000000707100000|  0%| F|  |TAMS 0x0000000707000000, 0x0000000707000000| Untracked 
|  51|0x0000000707100000, 0x0000000707100000, 0x0000000707200000|  0%| F|  |TAMS 0x0000000707100000, 0x0000000707100000| Untracked 
|  52|0x0000000707200000, 0x0000000707200000, 0x0000000707300000|  0%| F|  |TAMS 0x0000000707200000, 0x0000000707200000| Untracked 
|  53|0x0000000707300000, 0x0000000707300000, 0x0000000707400000|  0%| F|  |TAMS 0x0000000707300000, 0x0000000707300000| Untracked 
|  54|0x0000000707400000, 0x0000000707400000, 0x0000000707500000|  0%| F|  |TAMS 0x0000000707400000, 0x0000000707400000| Untracked 
|  55|0x0000000707500000, 0x0000000707500000, 0x0000000707600000|  0%| F|  |TAMS 0x0000000707500000, 0x0000000707500000| Untracked 
|  56|0x0000000707600000, 0x0000000707600000, 0x0000000707700000|  0%| F|  |TAMS 0x0000000707600000, 0x0000000707600000| Untracked 
|  57|0x0000000707700000, 0x0000000707700000, 0x0000000707800000|  0%| F|  |TAMS 0x0000000707700000, 0x0000000707700000| Untracked 
|  58|0x0000000707800000, 0x0000000707800000, 0x0000000707900000|  0%| F|  |TAMS 0x0000000707800000, 0x0000000707800000| Untracked 
|  59|0x0000000707900000, 0x0000000707900000, 0x0000000707a00000|  0%| F|  |TAMS 0x0000000707900000, 0x0000000707900000| Untracked 
|  60|0x0000000707a00000, 0x0000000707a00000, 0x0000000707b00000|  0%| F|  |TAMS 0x0000000707a00000, 0x0000000707a00000| Untracked 
|  61|0x0000000707b00000, 0x0000000707b00000, 0x0000000707c00000|  0%| F|  |TAMS 0x0000000707b00000, 0x0000000707b00000| Untracked 
|  62|0x0000000707c00000, 0x0000000707c00000, 0x0000000707d00000|  0%| F|  |TAMS 0x0000000707c00000, 0x0000000707c00000| Untracked 
|  63|0x0000000707d00000, 0x0000000707d00000, 0x0000000707e00000|  0%| F|  |TAMS 0x0000000707d00000, 0x0000000707d00000| Untracked 
|  64|0x0000000707e00000, 0x0000000707e00000, 0x0000000707f00000|  0%| F|  |TAMS 0x0000000707e00000, 0x0000000707e00000| Untracked 
|  65|0x0000000707f00000, 0x0000000707f00000, 0x0000000708000000|  0%| F|  |TAMS 0x0000000707f00000, 0x0000000707f00000| Untracked 
|  66|0x0000000708000000, 0x0000000708000000, 0x0000000708100000|  0%| F|  |TAMS 0x0000000708000000, 0x0000000708000000| Untracked 
|  67|0x0000000708100000, 0x0000000708100000, 0x0000000708200000|  0%| F|  |TAMS 0x0000000708100000, 0x0000000708100000| Untracked 
|  68|0x0000000708200000, 0x0000000708200000, 0x0000000708300000|  0%| F|  |TAMS 0x0000000708200000, 0x0000000708200000| Untracked 
|  69|0x0000000708300000, 0x0000000708300000, 0x0000000708400000|  0%| F|  |TAMS 0x0000000708300000, 0x0000000708300000| Untracked 
|  70|0x0000000708400000, 0x0000000708400000, 0x0000000708500000|  0%| F|  |TAMS 0x0000000708400000, 0x0000000708400000| Untracked 
|  71|0x0000000708500000, 0x0000000708500000, 0x0000000708600000|  0%| F|  |TAMS 0x0000000708500000, 0x0000000708500000| Untracked 
|  72|0x0000000708600000, 0x0000000708600000, 0x0000000708700000|  0%| F|  |TAMS 0x0000000708600000, 0x0000000708600000| Untracked 
|  73|0x0000000708700000, 0x0000000708700000, 0x0000000708800000|  0%| F|  |TAMS 0x0000000708700000, 0x0000000708700000| Untracked 
|  74|0x0000000708800000, 0x0000000708800000, 0x0000000708900000|  0%| F|  |TAMS 0x0000000708800000, 0x0000000708800000| Untracked 
|  75|0x0000000708900000, 0x0000000708900000, 0x0000000708a00000|  0%| F|  |TAMS 0x0000000708900000, 0x0000000708900000| Untracked 
|  76|0x0000000708a00000, 0x0000000708a00000, 0x0000000708b00000|  0%| F|  |TAMS 0x0000000708a00000, 0x0000000708a00000| Untracked 
|  77|0x0000000708b00000, 0x0000000708b00000, 0x0000000708c00000|  0%| F|  |TAMS 0x0000000708b00000, 0x0000000708b00000| Untracked 
|  78|0x0000000708c00000, 0x0000000708c00000, 0x0000000708d00000|  0%| F|  |TAMS 0x0000000708c00000, 0x0000000708c00000| Untracked 
|  79|0x0000000708d00000, 0x0000000708d00000, 0x0000000708e00000|  0%| F|  |TAMS 0x0000000708d00000, 0x0000000708d00000| Untracked 
|  80|0x0000000708e00000, 0x0000000708e00000, 0x0000000708f00000|  0%| F|  |TAMS 0x0000000708e00000, 0x0000000708e00000| Untracked 
|  81|0x0000000708f00000, 0x0000000708f00000, 0x0000000709000000|  0%| F|  |TAMS 0x0000000708f00000, 0x0000000708f00000| Untracked 
|  82|0x0000000709000000, 0x0000000709000000, 0x0000000709100000|  0%| F|  |TAMS 0x0000000709000000, 0x0000000709000000| Untracked 
|  83|0x0000000709100000, 0x0000000709100000, 0x0000000709200000|  0%| F|  |TAMS 0x0000000709100000, 0x0000000709100000| Untracked 
|  84|0x0000000709200000, 0x0000000709200000, 0x0000000709300000|  0%| F|  |TAMS 0x0000000709200000, 0x0000000709200000| Untracked 
|  85|0x0000000709300000, 0x0000000709300000, 0x0000000709400000|  0%| F|  |TAMS 0x0000000709300000, 0x0000000709300000| Untracked 
|  86|0x0000000709400000, 0x0000000709400000, 0x0000000709500000|  0%| F|  |TAMS 0x0000000709400000, 0x0000000709400000| Untracked 
|  87|0x0000000709500000, 0x0000000709500000, 0x0000000709600000|  0%| F|  |TAMS 0x0000000709500000, 0x0000000709500000| Untracked 
|  88|0x0000000709600000, 0x0000000709600000, 0x0000000709700000|  0%| F|  |TAMS 0x0000000709600000, 0x0000000709600000| Untracked 
|  89|0x0000000709700000, 0x0000000709700000, 0x0000000709800000|  0%| F|  |TAMS 0x0000000709700000, 0x0000000709700000| Untracked 
|  90|0x0000000709800000, 0x0000000709800000, 0x0000000709900000|  0%| F|  |TAMS 0x0000000709800000, 0x0000000709800000| Untracked 
|  91|0x0000000709900000, 0x0000000709900000, 0x0000000709a00000|  0%| F|  |TAMS 0x0000000709900000, 0x0000000709900000| Untracked 
|  92|0x0000000709a00000, 0x0000000709a00000, 0x0000000709b00000|  0%| F|  |TAMS 0x0000000709a00000, 0x0000000709a00000| Untracked 
|  93|0x0000000709b00000, 0x0000000709b00000, 0x0000000709c00000|  0%| F|  |TAMS 0x0000000709b00000, 0x0000000709b00000| Untracked 
|  94|0x0000000709c00000, 0x0000000709c00000, 0x0000000709d00000|  0%| F|  |TAMS 0x0000000709c00000, 0x0000000709c00000| Untracked 
|  95|0x0000000709d00000, 0x0000000709d00000, 0x0000000709e00000|  0%| F|  |TAMS 0x0000000709d00000, 0x0000000709d00000| Untracked 
|  96|0x0000000709e00000, 0x0000000709e00000, 0x0000000709f00000|  0%| F|  |TAMS 0x0000000709e00000, 0x0000000709e00000| Untracked 
|  97|0x0000000709f00000, 0x0000000709f00000, 0x000000070a000000|  0%| F|  |TAMS 0x0000000709f00000, 0x0000000709f00000| Untracked 
|  98|0x000000070a000000, 0x000000070a000000, 0x000000070a100000|  0%| F|  |TAMS 0x000000070a000000, 0x000000070a000000| Untracked 
|  99|0x000000070a100000, 0x000000070a100000, 0x000000070a200000|  0%| F|  |TAMS 0x000000070a100000, 0x000000070a100000| Untracked 
| 100|0x000000070a200000, 0x000000070a200000, 0x000000070a300000|  0%| F|  |TAMS 0x000000070a200000, 0x000000070a200000| Untracked 
| 101|0x000000070a300000, 0x000000070a300000, 0x000000070a400000|  0%| F|  |TAMS 0x000000070a300000, 0x000000070a300000| Untracked 
| 102|0x000000070a400000, 0x000000070a400000, 0x000000070a500000|  0%| F|  |TAMS 0x000000070a400000, 0x000000070a400000| Untracked 
| 103|0x000000070a500000, 0x000000070a500000, 0x000000070a600000|  0%| F|  |TAMS 0x000000070a500000, 0x000000070a500000| Untracked 
| 104|0x000000070a600000, 0x000000070a600000, 0x000000070a700000|  0%| F|  |TAMS 0x000000070a600000, 0x000000070a600000| Untracked 
| 105|0x000000070a700000, 0x000000070a700000, 0x000000070a800000|  0%| F|  |TAMS 0x000000070a700000, 0x000000070a700000| Untracked 
| 106|0x000000070a800000, 0x000000070a800000, 0x000000070a900000|  0%| F|  |TAMS 0x000000070a800000, 0x000000070a800000| Untracked 
| 107|0x000000070a900000, 0x000000070a900000, 0x000000070aa00000|  0%| F|  |TAMS 0x000000070a900000, 0x000000070a900000| Untracked 
| 108|0x000000070aa00000, 0x000000070aa00000, 0x000000070ab00000|  0%| F|  |TAMS 0x000000070aa00000, 0x000000070aa00000| Untracked 
| 109|0x000000070ab00000, 0x000000070ab00000, 0x000000070ac00000|  0%| F|  |TAMS 0x000000070ab00000, 0x000000070ab00000| Untracked 
| 110|0x000000070ac00000, 0x000000070ac00000, 0x000000070ad00000|  0%| F|  |TAMS 0x000000070ac00000, 0x000000070ac00000| Untracked 
| 111|0x000000070ad00000, 0x000000070ad00000, 0x000000070ae00000|  0%| F|  |TAMS 0x000000070ad00000, 0x000000070ad00000| Untracked 
| 112|0x000000070ae00000, 0x000000070ae00000, 0x000000070af00000|  0%| F|  |TAMS 0x000000070ae00000, 0x000000070ae00000| Untracked 
| 113|0x000000070af00000, 0x000000070af00000, 0x000000070b000000|  0%| F|  |TAMS 0x000000070af00000, 0x000000070af00000| Untracked 
| 114|0x000000070b000000, 0x000000070b000000, 0x000000070b100000|  0%| F|  |TAMS 0x000000070b000000, 0x000000070b000000| Untracked 
| 115|0x000000070b100000, 0x000000070b100000, 0x000000070b200000|  0%| F|  |TAMS 0x000000070b100000, 0x000000070b100000| Untracked 
| 116|0x000000070b200000, 0x000000070b200000, 0x000000070b300000|  0%| F|  |TAMS 0x000000070b200000, 0x000000070b200000| Untracked 
| 117|0x000000070b300000, 0x000000070b300000, 0x000000070b400000|  0%| F|  |TAMS 0x000000070b300000, 0x000000070b300000| Untracked 
| 118|0x000000070b400000, 0x000000070b400000, 0x000000070b500000|  0%| F|  |TAMS 0x000000070b400000, 0x000000070b400000| Untracked 
| 119|0x000000070b500000, 0x000000070b500000, 0x000000070b600000|  0%| F|  |TAMS 0x000000070b500000, 0x000000070b500000| Untracked 
| 120|0x000000070b600000, 0x000000070b600000, 0x000000070b700000|  0%| F|  |TAMS 0x000000070b600000, 0x000000070b600000| Untracked 
| 121|0x000000070b700000, 0x000000070b700000, 0x000000070b800000|  0%| F|  |TAMS 0x000000070b700000, 0x000000070b700000| Untracked 
| 122|0x000000070b800000, 0x000000070b800000, 0x000000070b900000|  0%| F|  |TAMS 0x000000070b800000, 0x000000070b800000| Untracked 
| 123|0x000000070b900000, 0x000000070b900000, 0x000000070ba00000|  0%| F|  |TAMS 0x000000070b900000, 0x000000070b900000| Untracked 
| 124|0x000000070ba00000, 0x000000070ba00000, 0x000000070bb00000|  0%| F|  |TAMS 0x000000070ba00000, 0x000000070ba00000| Untracked 
| 125|0x000000070bb00000, 0x000000070bb00000, 0x000000070bc00000|  0%| F|  |TAMS 0x000000070bb00000, 0x000000070bb00000| Untracked 
| 126|0x000000070bc00000, 0x000000070bc00000, 0x000000070bd00000|  0%| F|  |TAMS 0x000000070bc00000, 0x000000070bc00000| Untracked 
| 127|0x000000070bd00000, 0x000000070bd00000, 0x000000070be00000|  0%| F|  |TAMS 0x000000070bd00000, 0x000000070bd00000| Untracked 
| 128|0x000000070be00000, 0x000000070be00000, 0x000000070bf00000|  0%| F|  |TAMS 0x000000070be00000, 0x000000070be00000| Untracked 
| 129|0x000000070bf00000, 0x000000070bf00000, 0x000000070c000000|  0%| F|  |TAMS 0x000000070bf00000, 0x000000070bf00000| Untracked 
| 130|0x000000070c000000, 0x000000070c000000, 0x000000070c100000|  0%| F|  |TAMS 0x000000070c000000, 0x000000070c000000| Untracked 
| 131|0x000000070c100000, 0x000000070c100000, 0x000000070c200000|  0%| F|  |TAMS 0x000000070c100000, 0x000000070c100000| Untracked 
| 132|0x000000070c200000, 0x000000070c200000, 0x000000070c300000|  0%| F|  |TAMS 0x000000070c200000, 0x000000070c200000| Untracked 
| 133|0x000000070c300000, 0x000000070c300000, 0x000000070c400000|  0%| F|  |TAMS 0x000000070c300000, 0x000000070c300000| Untracked 
| 134|0x000000070c400000, 0x000000070c400000, 0x000000070c500000|  0%| F|  |TAMS 0x000000070c400000, 0x000000070c400000| Untracked 
| 135|0x000000070c500000, 0x000000070c500000, 0x000000070c600000|  0%| F|  |TAMS 0x000000070c500000, 0x000000070c500000| Untracked 
| 136|0x000000070c600000, 0x000000070c600000, 0x000000070c700000|  0%| F|  |TAMS 0x000000070c600000, 0x000000070c600000| Untracked 
| 137|0x000000070c700000, 0x000000070c700000, 0x000000070c800000|  0%| F|  |TAMS 0x000000070c700000, 0x000000070c700000| Untracked 
| 138|0x000000070c800000, 0x000000070c800000, 0x000000070c900000|  0%| F|  |TAMS 0x000000070c800000, 0x000000070c800000| Untracked 
| 139|0x000000070c900000, 0x000000070c900000, 0x000000070ca00000|  0%| F|  |TAMS 0x000000070c900000, 0x000000070c900000| Untracked 
| 140|0x000000070ca00000, 0x000000070ca00000, 0x000000070cb00000|  0%| F|  |TAMS 0x000000070ca00000, 0x000000070ca00000| Untracked 
| 141|0x000000070cb00000, 0x000000070cb00000, 0x000000070cc00000|  0%| F|  |TAMS 0x000000070cb00000, 0x000000070cb00000| Untracked 
| 142|0x000000070cc00000, 0x000000070cc00000, 0x000000070cd00000|  0%| F|  |TAMS 0x000000070cc00000, 0x000000070cc00000| Untracked 
| 143|0x000000070cd00000, 0x000000070cd00000, 0x000000070ce00000|  0%| F|  |TAMS 0x000000070cd00000, 0x000000070cd00000| Untracked 
| 144|0x000000070ce00000, 0x000000070ce00000, 0x000000070cf00000|  0%| F|  |TAMS 0x000000070ce00000, 0x000000070ce00000| Untracked 
| 145|0x000000070cf00000, 0x000000070cf00000, 0x000000070d000000|  0%| F|  |TAMS 0x000000070cf00000, 0x000000070cf00000| Untracked 
| 146|0x000000070d000000, 0x000000070d000000, 0x000000070d100000|  0%| F|  |TAMS 0x000000070d000000, 0x000000070d000000| Untracked 
| 147|0x000000070d100000, 0x000000070d100000, 0x000000070d200000|  0%| F|  |TAMS 0x000000070d100000, 0x000000070d100000| Untracked 
| 148|0x000000070d200000, 0x000000070d200000, 0x000000070d300000|  0%| F|  |TAMS 0x000000070d200000, 0x000000070d200000| Untracked 
| 149|0x000000070d300000, 0x000000070d300000, 0x000000070d400000|  0%| F|  |TAMS 0x000000070d300000, 0x000000070d300000| Untracked 
| 150|0x000000070d400000, 0x000000070d400000, 0x000000070d500000|  0%| F|  |TAMS 0x000000070d400000, 0x000000070d400000| Untracked 
| 151|0x000000070d500000, 0x000000070d500000, 0x000000070d600000|  0%| F|  |TAMS 0x000000070d500000, 0x000000070d500000| Untracked 
| 152|0x000000070d600000, 0x000000070d600000, 0x000000070d700000|  0%| F|  |TAMS 0x000000070d600000, 0x000000070d600000| Untracked 
| 153|0x000000070d700000, 0x000000070d700000, 0x000000070d800000|  0%| F|  |TAMS 0x000000070d700000, 0x000000070d700000| Untracked 
| 154|0x000000070d800000, 0x000000070d800000, 0x000000070d900000|  0%| F|  |TAMS 0x000000070d800000, 0x000000070d800000| Untracked 
| 155|0x000000070d900000, 0x000000070d900000, 0x000000070da00000|  0%| F|  |TAMS 0x000000070d900000, 0x000000070d900000| Untracked 
| 156|0x000000070da00000, 0x000000070da00000, 0x000000070db00000|  0%| F|  |TAMS 0x000000070da00000, 0x000000070da00000| Untracked 
| 157|0x000000070db00000, 0x000000070db00000, 0x000000070dc00000|  0%| F|  |TAMS 0x000000070db00000, 0x000000070db00000| Untracked 
| 158|0x000000070dc00000, 0x000000070dc00000, 0x000000070dd00000|  0%| F|  |TAMS 0x000000070dc00000, 0x000000070dc00000| Untracked 
| 159|0x000000070dd00000, 0x000000070dd00000, 0x000000070de00000|  0%| F|  |TAMS 0x000000070dd00000, 0x000000070dd00000| Untracked 
| 160|0x000000070de00000, 0x000000070de00000, 0x000000070df00000|  0%| F|  |TAMS 0x000000070de00000, 0x000000070de00000| Untracked 
| 161|0x000000070df00000, 0x000000070df00000, 0x000000070e000000|  0%| F|  |TAMS 0x000000070df00000, 0x000000070df00000| Untracked 
| 162|0x000000070e000000, 0x000000070e000000, 0x000000070e100000|  0%| F|  |TAMS 0x000000070e000000, 0x000000070e000000| Untracked 
| 163|0x000000070e100000, 0x000000070e100000, 0x000000070e200000|  0%| F|  |TAMS 0x000000070e100000, 0x000000070e100000| Untracked 
| 164|0x000000070e200000, 0x000000070e200000, 0x000000070e300000|  0%| F|  |TAMS 0x000000070e200000, 0x000000070e200000| Untracked 
| 165|0x000000070e300000, 0x000000070e300000, 0x000000070e400000|  0%| F|  |TAMS 0x000000070e300000, 0x000000070e300000| Untracked 
| 166|0x000000070e400000, 0x000000070e400000, 0x000000070e500000|  0%| F|  |TAMS 0x000000070e400000, 0x000000070e400000| Untracked 
| 167|0x000000070e500000, 0x000000070e500000, 0x000000070e600000|  0%| F|  |TAMS 0x000000070e500000, 0x000000070e500000| Untracked 
| 168|0x000000070e600000, 0x000000070e600000, 0x000000070e700000|  0%| F|  |TAMS 0x000000070e600000, 0x000000070e600000| Untracked 
| 169|0x000000070e700000, 0x000000070e700000, 0x000000070e800000|  0%| F|  |TAMS 0x000000070e700000, 0x000000070e700000| Untracked 
| 170|0x000000070e800000, 0x000000070e800000, 0x000000070e900000|  0%| F|  |TAMS 0x000000070e800000, 0x000000070e800000| Untracked 
| 171|0x000000070e900000, 0x000000070e900000, 0x000000070ea00000|  0%| F|  |TAMS 0x000000070e900000, 0x000000070e900000| Untracked 
| 172|0x000000070ea00000, 0x000000070ea00000, 0x000000070eb00000|  0%| F|  |TAMS 0x000000070ea00000, 0x000000070ea00000| Untracked 
| 173|0x000000070eb00000, 0x000000070eb00000, 0x000000070ec00000|  0%| F|  |TAMS 0x000000070eb00000, 0x000000070eb00000| Untracked 
| 174|0x000000070ec00000, 0x000000070ec00000, 0x000000070ed00000|  0%| F|  |TAMS 0x000000070ec00000, 0x000000070ec00000| Untracked 
| 175|0x000000070ed00000, 0x000000070ed00000, 0x000000070ee00000|  0%| F|  |TAMS 0x000000070ed00000, 0x000000070ed00000| Untracked 
| 176|0x000000070ee00000, 0x000000070ee00000, 0x000000070ef00000|  0%| F|  |TAMS 0x000000070ee00000, 0x000000070ee00000| Untracked 
| 177|0x000000070ef00000, 0x000000070ef00000, 0x000000070f000000|  0%| F|  |TAMS 0x000000070ef00000, 0x000000070ef00000| Untracked 
| 178|0x000000070f000000, 0x000000070f000000, 0x000000070f100000|  0%| F|  |TAMS 0x000000070f000000, 0x000000070f000000| Untracked 
| 179|0x000000070f100000, 0x000000070f100000, 0x000000070f200000|  0%| F|  |TAMS 0x000000070f100000, 0x000000070f100000| Untracked 
| 180|0x000000070f200000, 0x000000070f200000, 0x000000070f300000|  0%| F|  |TAMS 0x000000070f200000, 0x000000070f200000| Untracked 
| 181|0x000000070f300000, 0x000000070f300000, 0x000000070f400000|  0%| F|  |TAMS 0x000000070f300000, 0x000000070f300000| Untracked 
| 182|0x000000070f400000, 0x000000070f400000, 0x000000070f500000|  0%| F|  |TAMS 0x000000070f400000, 0x000000070f400000| Untracked 
| 183|0x000000070f500000, 0x000000070f500000, 0x000000070f600000|  0%| F|  |TAMS 0x000000070f500000, 0x000000070f500000| Untracked 
| 184|0x000000070f600000, 0x000000070f600000, 0x000000070f700000|  0%| F|  |TAMS 0x000000070f600000, 0x000000070f600000| Untracked 
| 185|0x000000070f700000, 0x000000070f700000, 0x000000070f800000|  0%| F|  |TAMS 0x000000070f700000, 0x000000070f700000| Untracked 
| 186|0x000000070f800000, 0x000000070f800000, 0x000000070f900000|  0%| F|  |TAMS 0x000000070f800000, 0x000000070f800000| Untracked 
| 187|0x000000070f900000, 0x000000070f900000, 0x000000070fa00000|  0%| F|  |TAMS 0x000000070f900000, 0x000000070f900000| Untracked 
| 188|0x000000070fa00000, 0x000000070fa00000, 0x000000070fb00000|  0%| F|  |TAMS 0x000000070fa00000, 0x000000070fa00000| Untracked 
| 189|0x000000070fb00000, 0x000000070fb00000, 0x000000070fc00000|  0%| F|  |TAMS 0x000000070fb00000, 0x000000070fb00000| Untracked 
| 190|0x000000070fc00000, 0x000000070fc00000, 0x000000070fd00000|  0%| F|  |TAMS 0x000000070fc00000, 0x000000070fc00000| Untracked 
| 191|0x000000070fd00000, 0x000000070fd00000, 0x000000070fe00000|  0%| F|  |TAMS 0x000000070fd00000, 0x000000070fd00000| Untracked 
| 192|0x000000070fe00000, 0x000000070fe00000, 0x000000070ff00000|  0%| F|  |TAMS 0x000000070fe00000, 0x000000070fe00000| Untracked 
| 193|0x000000070ff00000, 0x000000070ff00000, 0x0000000710000000|  0%| F|  |TAMS 0x000000070ff00000, 0x000000070ff00000| Untracked 
| 194|0x0000000710000000, 0x0000000710000000, 0x0000000710100000|  0%| F|  |TAMS 0x0000000710000000, 0x0000000710000000| Untracked 
| 195|0x0000000710100000, 0x0000000710100000, 0x0000000710200000|  0%| F|  |TAMS 0x0000000710100000, 0x0000000710100000| Untracked 
| 196|0x0000000710200000, 0x0000000710200000, 0x0000000710300000|  0%| F|  |TAMS 0x0000000710200000, 0x0000000710200000| Untracked 
| 197|0x0000000710300000, 0x0000000710300000, 0x0000000710400000|  0%| F|  |TAMS 0x0000000710300000, 0x0000000710300000| Untracked 
| 198|0x0000000710400000, 0x0000000710400000, 0x0000000710500000|  0%| F|  |TAMS 0x0000000710400000, 0x0000000710400000| Untracked 
| 199|0x0000000710500000, 0x0000000710500000, 0x0000000710600000|  0%| F|  |TAMS 0x0000000710500000, 0x0000000710500000| Untracked 
| 200|0x0000000710600000, 0x0000000710600000, 0x0000000710700000|  0%| F|  |TAMS 0x0000000710600000, 0x0000000710600000| Untracked 
| 201|0x0000000710700000, 0x0000000710700000, 0x0000000710800000|  0%| F|  |TAMS 0x0000000710700000, 0x0000000710700000| Untracked 
| 202|0x0000000710800000, 0x0000000710800000, 0x0000000710900000|  0%| F|  |TAMS 0x0000000710800000, 0x0000000710800000| Untracked 
| 203|0x0000000710900000, 0x0000000710900000, 0x0000000710a00000|  0%| F|  |TAMS 0x0000000710900000, 0x0000000710900000| Untracked 
| 204|0x0000000710a00000, 0x0000000710a00000, 0x0000000710b00000|  0%| F|  |TAMS 0x0000000710a00000, 0x0000000710a00000| Untracked 
| 205|0x0000000710b00000, 0x0000000710b00000, 0x0000000710c00000|  0%| F|  |TAMS 0x0000000710b00000, 0x0000000710b00000| Untracked 
| 206|0x0000000710c00000, 0x0000000710c00000, 0x0000000710d00000|  0%| F|  |TAMS 0x0000000710c00000, 0x0000000710c00000| Untracked 
| 207|0x0000000710d00000, 0x0000000710d00000, 0x0000000710e00000|  0%| F|  |TAMS 0x0000000710d00000, 0x0000000710d00000| Untracked 
| 208|0x0000000710e00000, 0x0000000710e00000, 0x0000000710f00000|  0%| F|  |TAMS 0x0000000710e00000, 0x0000000710e00000| Untracked 
| 209|0x0000000710f00000, 0x0000000710f00000, 0x0000000711000000|  0%| F|  |TAMS 0x0000000710f00000, 0x0000000710f00000| Untracked 
| 210|0x0000000711000000, 0x0000000711000000, 0x0000000711100000|  0%| F|  |TAMS 0x0000000711000000, 0x0000000711000000| Untracked 
| 211|0x0000000711100000, 0x0000000711100000, 0x0000000711200000|  0%| F|  |TAMS 0x0000000711100000, 0x0000000711100000| Untracked 
| 212|0x0000000711200000, 0x0000000711200000, 0x0000000711300000|  0%| F|  |TAMS 0x0000000711200000, 0x0000000711200000| Untracked 
| 213|0x0000000711300000, 0x0000000711300000, 0x0000000711400000|  0%| F|  |TAMS 0x0000000711300000, 0x0000000711300000| Untracked 
| 214|0x0000000711400000, 0x0000000711400000, 0x0000000711500000|  0%| F|  |TAMS 0x0000000711400000, 0x0000000711400000| Untracked 
| 215|0x0000000711500000, 0x0000000711500000, 0x0000000711600000|  0%| F|  |TAMS 0x0000000711500000, 0x0000000711500000| Untracked 
| 216|0x0000000711600000, 0x0000000711600000, 0x0000000711700000|  0%| F|  |TAMS 0x0000000711600000, 0x0000000711600000| Untracked 
| 217|0x0000000711700000, 0x0000000711700000, 0x0000000711800000|  0%| F|  |TAMS 0x0000000711700000, 0x0000000711700000| Untracked 
| 218|0x0000000711800000, 0x0000000711800000, 0x0000000711900000|  0%| F|  |TAMS 0x0000000711800000, 0x0000000711800000| Untracked 
| 219|0x0000000711900000, 0x0000000711900000, 0x0000000711a00000|  0%| F|  |TAMS 0x0000000711900000, 0x0000000711900000| Untracked 
| 220|0x0000000711a00000, 0x0000000711a00000, 0x0000000711b00000|  0%| F|  |TAMS 0x0000000711a00000, 0x0000000711a00000| Untracked 
| 221|0x0000000711b00000, 0x0000000711b00000, 0x0000000711c00000|  0%| F|  |TAMS 0x0000000711b00000, 0x0000000711b00000| Untracked 
| 222|0x0000000711c00000, 0x0000000711c00000, 0x0000000711d00000|  0%| F|  |TAMS 0x0000000711c00000, 0x0000000711c00000| Untracked 
| 223|0x0000000711d00000, 0x0000000711d00000, 0x0000000711e00000|  0%| F|  |TAMS 0x0000000711d00000, 0x0000000711d00000| Untracked 
| 224|0x0000000711e00000, 0x0000000711e00000, 0x0000000711f00000|  0%| F|  |TAMS 0x0000000711e00000, 0x0000000711e00000| Untracked 
| 225|0x0000000711f00000, 0x0000000711f00000, 0x0000000712000000|  0%| F|  |TAMS 0x0000000711f00000, 0x0000000711f00000| Untracked 
| 226|0x0000000712000000, 0x0000000712000000, 0x0000000712100000|  0%| F|  |TAMS 0x0000000712000000, 0x0000000712000000| Untracked 
| 227|0x0000000712100000, 0x0000000712100000, 0x0000000712200000|  0%| F|  |TAMS 0x0000000712100000, 0x0000000712100000| Untracked 
| 228|0x0000000712200000, 0x0000000712200000, 0x0000000712300000|  0%| F|  |TAMS 0x0000000712200000, 0x0000000712200000| Untracked 
| 229|0x0000000712300000, 0x0000000712300000, 0x0000000712400000|  0%| F|  |TAMS 0x0000000712300000, 0x0000000712300000| Untracked 
| 230|0x0000000712400000, 0x0000000712400000, 0x0000000712500000|  0%| F|  |TAMS 0x0000000712400000, 0x0000000712400000| Untracked 
| 231|0x0000000712500000, 0x0000000712500000, 0x0000000712600000|  0%| F|  |TAMS 0x0000000712500000, 0x0000000712500000| Untracked 
| 232|0x0000000712600000, 0x0000000712600000, 0x0000000712700000|  0%| F|  |TAMS 0x0000000712600000, 0x0000000712600000| Untracked 
| 233|0x0000000712700000, 0x0000000712700000, 0x0000000712800000|  0%| F|  |TAMS 0x0000000712700000, 0x0000000712700000| Untracked 
| 234|0x0000000712800000, 0x0000000712800000, 0x0000000712900000|  0%| F|  |TAMS 0x0000000712800000, 0x0000000712800000| Untracked 
| 235|0x0000000712900000, 0x0000000712900000, 0x0000000712a00000|  0%| F|  |TAMS 0x0000000712900000, 0x0000000712900000| Untracked 
| 236|0x0000000712a00000, 0x0000000712a00000, 0x0000000712b00000|  0%| F|  |TAMS 0x0000000712a00000, 0x0000000712a00000| Untracked 
| 237|0x0000000712b00000, 0x0000000712b00000, 0x0000000712c00000|  0%| F|  |TAMS 0x0000000712b00000, 0x0000000712b00000| Untracked 
| 238|0x0000000712c00000, 0x0000000712c00000, 0x0000000712d00000|  0%| F|  |TAMS 0x0000000712c00000, 0x0000000712c00000| Untracked 
| 239|0x0000000712d00000, 0x0000000712d00000, 0x0000000712e00000|  0%| F|  |TAMS 0x0000000712d00000, 0x0000000712d00000| Untracked 
| 240|0x0000000712e00000, 0x0000000712e00000, 0x0000000712f00000|  0%| F|  |TAMS 0x0000000712e00000, 0x0000000712e00000| Untracked 
| 241|0x0000000712f00000, 0x0000000712f00000, 0x0000000713000000|  0%| F|  |TAMS 0x0000000712f00000, 0x0000000712f00000| Untracked 
| 242|0x0000000713000000, 0x0000000713000000, 0x0000000713100000|  0%| F|  |TAMS 0x0000000713000000, 0x0000000713000000| Untracked 
| 243|0x0000000713100000, 0x0000000713100000, 0x0000000713200000|  0%| F|  |TAMS 0x0000000713100000, 0x0000000713100000| Untracked 
| 244|0x0000000713200000, 0x0000000713200000, 0x0000000713300000|  0%| F|  |TAMS 0x0000000713200000, 0x0000000713200000| Untracked 
| 245|0x0000000713300000, 0x0000000713300000, 0x0000000713400000|  0%| F|  |TAMS 0x0000000713300000, 0x0000000713300000| Untracked 
| 246|0x0000000713400000, 0x0000000713400000, 0x0000000713500000|  0%| F|  |TAMS 0x0000000713400000, 0x0000000713400000| Untracked 
| 247|0x0000000713500000, 0x0000000713500000, 0x0000000713600000|  0%| F|  |TAMS 0x0000000713500000, 0x0000000713500000| Untracked 
| 248|0x0000000713600000, 0x0000000713700000, 0x0000000713700000|100%| E|  |TAMS 0x0000000713600000, 0x0000000713600000| Complete 
| 249|0x0000000713700000, 0x0000000713800000, 0x0000000713800000|100%| E|  |TAMS 0x0000000713700000, 0x0000000713700000| Complete 
| 250|0x0000000713800000, 0x0000000713900000, 0x0000000713900000|100%| E|CS|TAMS 0x0000000713800000, 0x0000000713800000| Complete 
| 251|0x0000000713900000, 0x0000000713a00000, 0x0000000713a00000|100%| E|CS|TAMS 0x0000000713900000, 0x0000000713900000| Complete 
| 252|0x0000000713a00000, 0x0000000713b00000, 0x0000000713b00000|100%| E|CS|TAMS 0x0000000713a00000, 0x0000000713a00000| Complete 
| 253|0x0000000713b00000, 0x0000000713c00000, 0x0000000713c00000|100%| E|CS|TAMS 0x0000000713b00000, 0x0000000713b00000| Complete 

Card table byte_map: [0x0000029567540000,0x0000029567d30000] _byte_map_base: 0x0000029563d21000

Marking Bits (Prev, Next): (CMBitMap*) 0x000002954f4388e8, (CMBitMap*) 0x000002954f438920
 Prev Bits: [0x0000029568520000, 0x000002956c428000)
 Next Bits: [0x000002956c430000, 0x0000029570338000)

Polling page: 0x000002954d270000

Metaspace:

Usage:
  Non-class:      7.43 MB capacity,     7.32 MB ( 98%) used,   111.98 KB (  1%) free+waste,     6.13 KB ( <1%) overhead. 
      Class:    784.00 KB capacity,   721.92 KB ( 92%) used,    59.08 KB (  8%) free+waste,     3.00 KB ( <1%) overhead. 
       Both:      8.20 MB capacity,     8.02 MB ( 98%) used,   171.05 KB (  2%) free+waste,     9.13 KB ( <1%) overhead. 

Virtual space:
  Non-class space:        8.00 MB reserved,       7.50 MB ( 94%) committed 
      Class space:        1.00 GB reserved,     896.00 KB ( <1%) committed 
             Both:        1.01 GB reserved,       8.38 MB ( <1%) committed 

Chunk freelists:
   Non-Class:  6.00 KB
       Class:  16.00 KB
        Both:  22.00 KB

MaxMetaspaceSize: 17179869184.00 GB
CompressedClassSpaceSize: 1.00 GB
Initial GC threshold: 20.80 MB
Current GC threshold: 20.80 MB
CDS: off

CodeHeap 'non-profiled nmethods': size=120000Kb used=135Kb max_used=135Kb free=119865Kb
 bounds [0x000002955f600000, 0x000002955f870000, 0x0000029566b30000]
CodeHeap 'profiled nmethods': size=120000Kb used=625Kb max_used=625Kb free=119374Kb
 bounds [0x00000295580d0000, 0x0000029558340000, 0x000002955f600000]
CodeHeap 'non-nmethods': size=5760Kb used=1110Kb max_used=1126Kb free=4649Kb
 bounds [0x0000029557b30000, 0x0000029557da0000, 0x00000295580d0000]
 total_blobs=808 nmethods=450 adapters=271
 compilation: enabled
              stopped_count=0, restarted_count=0
 full_count=0

Compilation events (20 events):
Event: 1.015 Thread 0x00000295737c0800  449       3       java.io.DataInputStream::readFully (63 bytes)
Event: 1.015 Thread 0x00000295737b5000  451       4       java.io.BufferedInputStream::getBufIfOpen (21 bytes)
Event: 1.015 Thread 0x00000295737c0800 nmethod 449 0x0000029558167e90 code [0x0000029558168080, 0x00000295581684a8]
Event: 1.015 Thread 0x00000295737c0800  445  s    3       java.io.BufferedInputStream::read (113 bytes)
Event: 1.016 Thread 0x00000295737c0800 nmethod 445 0x0000029558168690 code [0x00000295581688c0, 0x00000295581691f8]
Event: 1.016 Thread 0x00000295737c0800  441  s    3       java.io.BufferedInputStream::read (49 bytes)
Event: 1.016 Thread 0x00000295737b5000 nmethod 451 0x000002955f621910 code [0x000002955f621aa0, 0x000002955f621b18]
Event: 1.016 Thread 0x00000295737c0800 nmethod 441 0x0000029558169490 code [0x0000029558169680, 0x0000029558169bd8]
Event: 1.016 Thread 0x00000295737c0800  450       3       java.io.DataInputStream::readShort (40 bytes)
Event: 1.016 Thread 0x00000295737c0800 nmethod 450 0x0000029558169d90 code [0x0000029558169f80, 0x000002955816a308]
Event: 1.016 Thread 0x00000295737c0800  446       3       java.io.BufferedInputStream::read1 (108 bytes)
Event: 1.017 Thread 0x00000295737c0800 nmethod 446 0x000002955816a490 code [0x000002955816a6e0, 0x000002955816afd8]
Event: 1.017 Thread 0x00000295737c0800  442       3       java.lang.String::<init> (14 bytes)
Event: 1.017 Thread 0x00000295737c0800 nmethod 442 0x000002955816b290 code [0x000002955816b460, 0x000002955816b658]
Event: 1.017 Thread 0x00000295737c0800  444       3       java.lang.String::rangeCheck (9 bytes)
Event: 1.018 Thread 0x00000295737c0800 nmethod 444 0x000002955816b790 code [0x000002955816b940, 0x000002955816ba68]
Event: 1.018 Thread 0x00000295737c0800  447       3       java.io.DataInputStream::readUTF (5 bytes)
Event: 1.018 Thread 0x00000295737c0800 nmethod 447 0x000002955816bb10 code [0x000002955816bcc0, 0x000002955816bde8]
Event: 1.018 Thread 0x00000295737c0800  448       3       java.io.DataInputStream::readUnsignedShort (39 bytes)
Event: 1.018 Thread 0x00000295737c0800 nmethod 448 0x000002955816be90 code [0x000002955816c080, 0x000002955816c3e8]

GC Heap History (0 events):
No events

Deoptimization events (10 events):
Event: 0.241 Thread 0x000002954f3d3000 Uncommon trap: trap_request=0xffffff4d fr.pc=0x000002955f60cc94 relative=0x0000000000000074
Event: 0.241 Thread 0x000002954f3d3000 Uncommon trap: reason=unstable_if action=reinterpret pc=0x000002955f60cc94 method=java.lang.String.isLatin1()Z @ 10 c2
Event: 0.241 Thread 0x000002954f3d3000 DEOPT PACKING pc=0x000002955f60cc94 sp=0x000000e78c0fef10
Event: 0.241 Thread 0x000002954f3d3000 DEOPT UNPACKING pc=0x0000029557b7a1af sp=0x000000e78c0fee50 mode 2
Event: 0.348 Thread 0x000002954f3d3000 DEOPT PACKING pc=0x0000029558124a68 sp=0x000000e78c0fbc80
Event: 0.348 Thread 0x000002954f3d3000 DEOPT UNPACKING pc=0x0000029557b7a95e sp=0x000000e78c0fb0f0 mode 0
Event: 0.406 Thread 0x000002954f3d3000 Uncommon trap: trap_request=0xffffff4d fr.pc=0x000002955f60dd70 relative=0x0000000000000d70
Event: 0.406 Thread 0x000002954f3d3000 Uncommon trap: reason=unstable_if action=reinterpret pc=0x000002955f60dd70 method=java.util.HashMap.putVal(ILjava/lang/Object;Ljava/lang/Object;ZZ)Ljava/lang/Object; @ 181 c2
Event: 0.406 Thread 0x000002954f3d3000 DEOPT PACKING pc=0x000002955f60dd70 sp=0x000000e78c0fbfc0
Event: 0.406 Thread 0x000002954f3d3000 DEOPT UNPACKING pc=0x0000029557b7a1af sp=0x000000e78c0fbf60 mode 2

Classes redefined (0 events):
No events

Internal exceptions (3 events):
Event: 0.226 Thread 0x000002954f3d3000 Exception <a 'java/security/PrivilegedActionException'{0x0000000713adddf0}> (0x0000000713adddf0) thrown at [./src/hotspot/share/prims/jvm.cpp, line 1306]
Event: 0.226 Thread 0x000002954f3d3000 Exception <a 'java/security/PrivilegedActionException'{0x0000000713ade0c0}> (0x0000000713ade0c0) thrown at [./src/hotspot/share/prims/jvm.cpp, line 1306]
Event: 0.413 Thread 0x000002954f3d3000 Exception <a 'java/lang/NoSuchMethodError'{0x00000007136532a8}: 'java.lang.Object java.lang.invoke.DirectMethodHandle$Holder.invokeStaticInit(java.lang.Object, int, int, int, int)'> (0x00000007136532a8) thrown at [./src/hotspot/share/interpreter/linkResolver.cpp, line 773]

Events (20 events):
Event: 1.018 loading class java/util/spi/LocaleNameProvider
Event: 1.018 loading class java/util/spi/LocaleNameProvider done
Event: 1.018 loading class java/util/spi/CalendarDataProvider
Event: 1.018 loading class java/util/spi/CalendarDataProvider done
Event: 1.018 loading class sun/util/locale/provider/TimeZoneNameUtility$TimeZoneNameGetter
Event: 1.018 loading class sun/util/locale/provider/LocaleServiceProviderPool$LocalizedObjectGetter
Event: 1.018 loading class sun/util/locale/provider/LocaleServiceProviderPool$LocalizedObjectGetter done
Event: 1.018 loading class sun/util/locale/provider/TimeZoneNameUtility$TimeZoneNameGetter done
Event: 1.018 loading class java/util/ResourceBundle$Control
Event: 1.019 loading class java/util/ResourceBundle$Control done
Event: 1.019 loading class java/util/ResourceBundle$Control$CandidateListCache
Event: 1.019 loading class java/util/ResourceBundle$Control$CandidateListCache done
Event: 1.019 loading class java/util/ResourceBundle
Event: 1.019 loading class java/util/ResourceBundle done
Event: 1.019 loading class java/util/ResourceBundle$NoFallbackControl
Event: 1.019 loading class java/util/ResourceBundle$SingleFormatControl
Event: 1.019 loading class java/util/ResourceBundle$SingleFormatControl done
Event: 1.019 loading class java/util/ResourceBundle$NoFallbackControl done
Event: 1.019 loading class java/util/LinkedList
Event: 1.020 loading class java/util/AbstractSequentialList


Dynamic libraries:
0x00007ff7e21c0000 - 0x00007ff7e21cd000 	C:\Users\X11608\.jdks\corretto-11.0.15\bin\java.exe
0x00007ffd59190000 - 0x00007ffd59388000 	C:\Windows\SYSTEM32\ntdll.dll
0x00007ffd57330000 - 0x00007ffd573ef000 	C:\Windows\System32\KERNEL32.DLL
0x00007ffd56a50000 - 0x00007ffd56d22000 	C:\Windows\System32\KERNELBASE.dll
0x00007ffd57060000 - 0x00007ffd57160000 	C:\Windows\System32\ucrtbase.dll
0x00007ffd21780000 - 0x00007ffd21797000 	C:\Users\X11608\.jdks\corretto-11.0.15\bin\jli.dll
0x00007ffd1be40000 - 0x00007ffd1be59000 	C:\Users\X11608\.jdks\corretto-11.0.15\bin\VCRUNTIME140.dll
0x00007ffd57450000 - 0x00007ffd575f1000 	C:\Windows\System32\USER32.dll
0x00007ffd56a20000 - 0x00007ffd56a42000 	C:\Windows\System32\win32u.dll
0x00007ffd55d20000 - 0x00007ffd55fba000 	C:\Windows\WinSxS\amd64_microsoft.windows.common-controls_6595b64144ccf1df_6.0.19041.1110_none_60b5254171f9507e\COMCTL32.dll
0x00007ffd57600000 - 0x00007ffd5762b000 	C:\Windows\System32\GDI32.dll
0x00007ffd57f00000 - 0x00007ffd57f9e000 	C:\Windows\System32\msvcrt.dll
0x00007ffd56ec0000 - 0x00007ffd56fcf000 	C:\Windows\System32\gdi32full.dll
0x00007ffd56930000 - 0x00007ffd569cd000 	C:\Windows\System32\msvcp_win.dll
0x00007ffd571d0000 - 0x00007ffd57202000 	C:\Windows\System32\IMM32.DLL
0x000002954d290000 - 0x000002954d2a4000 	C:\Windows\System32\umppc16303.dll
0x00007ffd1b3d0000 - 0x00007ffd1b46b000 	C:\Users\X11608\.jdks\corretto-11.0.15\bin\msvcp140.dll
0x00007ffcc6da0000 - 0x00007ffcc7923000 	C:\Users\X11608\.jdks\corretto-11.0.15\bin\server\jvm.dll
0x00007ffd57280000 - 0x00007ffd5732e000 	C:\Windows\System32\ADVAPI32.dll
0x00007ffd58eb0000 - 0x00007ffd58f4c000 	C:\Windows\System32\sechost.dll
0x00007ffd59020000 - 0x00007ffd59145000 	C:\Windows\System32\RPCRT4.dll
0x00007ffd57ad0000 - 0x00007ffd57ad8000 	C:\Windows\System32\PSAPI.DLL
0x00007ffd41c40000 - 0x00007ffd41c49000 	C:\Windows\SYSTEM32\WSOCK32.dll
0x00007ffd57fa0000 - 0x00007ffd5800b000 	C:\Windows\System32\WS2_32.dll
0x00007ffd41c50000 - 0x00007ffd41c77000 	C:\Windows\SYSTEM32\WINMM.dll
0x00007ffd54030000 - 0x00007ffd5403a000 	C:\Windows\SYSTEM32\VERSION.dll
0x00007ffd53c80000 - 0x00007ffd53c92000 	C:\Windows\SYSTEM32\kernel.appcore.dll
0x00007ffd36760000 - 0x00007ffd36770000 	C:\Users\X11608\.jdks\corretto-11.0.15\bin\verify.dll
0x00007ffd56290000 - 0x00007ffd56474000 	C:\Windows\SYSTEM32\DBGHELP.DLL
0x00007ffd561d0000 - 0x00007ffd56205000 	C:\Windows\SYSTEM32\dbgcore.DLL
0x00007ffd56fd0000 - 0x00007ffd57052000 	C:\Windows\System32\bcryptPrimitives.dll
0x00007ffd1bd10000 - 0x00007ffd1bd38000 	C:\Users\X11608\.jdks\corretto-11.0.15\bin\java.dll
0x00007ffd33dd0000 - 0x00007ffd33dda000 	C:\Users\X11608\.jdks\corretto-11.0.15\bin\jimage.dll
0x00007ffd33d40000 - 0x00007ffd33d4e000 	C:\Users\X11608\.jdks\corretto-11.0.15\bin\instrument.dll
0x00007ffd1b3b0000 - 0x00007ffd1b3c8000 	C:\Users\X11608\.jdks\corretto-11.0.15\bin\zip.dll
0x00007ffd580f0000 - 0x00007ffd58834000 	C:\Windows\System32\SHELL32.dll
0x00007ffd53130000 - 0x00007ffd538c2000 	C:\Windows\SYSTEM32\windows.storage.dll
0x00007ffd57770000 - 0x00007ffd57ac5000 	C:\Windows\System32\combase.dll
0x00007ffd55b00000 - 0x00007ffd55b30000 	C:\Windows\SYSTEM32\Wldp.dll
0x00007ffd576b0000 - 0x00007ffd5775d000 	C:\Windows\System32\SHCORE.dll
0x00007ffd57210000 - 0x00007ffd57265000 	C:\Windows\System32\shlwapi.dll
0x00007ffd567c0000 - 0x00007ffd567df000 	C:\Windows\SYSTEM32\profapi.dll
0x00007ffd1c880000 - 0x00007ffd1c899000 	C:\Users\X11608\.jdks\corretto-11.0.15\bin\net.dll
0x00007ffd55190000 - 0x00007ffd5529c000 	C:\Windows\SYSTEM32\WINHTTP.dll
0x00007ffd55870000 - 0x00007ffd558da000 	C:\Windows\system32\mswsock.dll
0x00007ffd1c860000 - 0x00007ffd1c873000 	C:\Users\X11608\.jdks\corretto-11.0.15\bin\nio.dll
0x00007ffd1b390000 - 0x00007ffd1b3aa000 	C:\Program Files\JetBrains\IntelliJ IDEA 2022.1\bin\breakgen64.dll
0x00007ffd565a0000 - 0x00007ffd565b8000 	C:\Windows\SYSTEM32\CRYPTSP.dll
0x00007ffd55100000 - 0x00007ffd55134000 	C:\Windows\system32\rsaenh.dll
0x00007ffd56e90000 - 0x00007ffd56eb7000 	C:\Windows\System32\bcrypt.dll
0x00007ffd56780000 - 0x00007ffd567ae000 	C:\Windows\SYSTEM32\USERENV.dll
0x00007ffd55a00000 - 0x00007ffd55a0c000 	C:\Windows\SYSTEM32\CRYPTBASE.dll
0x00007ffd55580000 - 0x00007ffd555bb000 	C:\Windows\SYSTEM32\IPHLPAPI.DLL
0x00007ffd57760000 - 0x00007ffd57768000 	C:\Windows\System32\NSI.dll
0x00007ffd4d3a0000 - 0x00007ffd4d3b7000 	C:\Windows\SYSTEM32\dhcpcsvc6.DLL
0x00007ffd4d380000 - 0x00007ffd4d39d000 	C:\Windows\SYSTEM32\dhcpcsvc.DLL
0x00007ffd555c0000 - 0x00007ffd5568a000 	C:\Windows\SYSTEM32\DNSAPI.dll

dbghelp: loaded successfully - version: 4.0.5 - missing functions: none
symbol engine: initialized successfully - sym options: 0x614 - pdb path: .;C:\Users\X11608\.jdks\corretto-11.0.15\bin;C:\Windows\SYSTEM32;C:\Windows\WinSxS\amd64_microsoft.windows.common-controls_6595b64144ccf1df_6.0.19041.1110_none_60b5254171f9507e;C:\Users\X11608\.jdks\corretto-11.0.15\bin\server;C:\Program Files\JetBrains\IntelliJ IDEA 2022.1\bin

VM Arguments:
jvm_args: -Dmaven.multiModuleProjectDirectory=C:\Users\X11608\Documents\Personal\Backend\Microservices\Microservices-Project\springboot-servicio-usuarios-commons -Dmaven.home=C:\apache-maven-3.6.3 -Dclassworlds.conf=C:\apache-maven-3.6.3\bin\m2.conf -Dmaven.ext.class.path=C:\Program Files\JetBrains\IntelliJ IDEA 2022.1\plugins\maven\lib\maven-event-listener.jar -javaagent:C:\Program Files\JetBrains\IntelliJ IDEA 2022.1\lib\idea_rt.jar=51277:C:\Program Files\JetBrains\IntelliJ IDEA 2022.1\bin -Dfile.encoding=UTF-8 
java_command: org.codehaus.classworlds.Launcher -Didea.version=2022.1 install
java_class_path (initial): C:\apache-maven-3.6.3\boot\plexus-classworlds-2.6.0.jar;C:\apache-maven-3.6.3\boot\plexus-classworlds.license
Launcher Type: SUN_STANDARD

[Global flags]
     intx CICompilerCount                          = 4                                         {product} {ergonomic}
     uint ConcGCThreads                            = 2                                         {product} {ergonomic}
     uint G1ConcRefinementThreads                  = 8                                         {product} {ergonomic}
   size_t G1HeapRegionSize                         = 1048576                                   {product} {ergonomic}
    uintx GCDrainStackTargetSize                   = 64                                        {product} {ergonomic}
   size_t InitialHeapSize                          = 266338304                                 {product} {ergonomic}
   size_t MarkStackSize                            = 4194304                                   {product} {ergonomic}
   size_t MaxHeapSize                              = 4229955584                                {product} {ergonomic}
   size_t MaxNewSize                               = 2537553920                                {product} {ergonomic}
   size_t MinHeapDeltaBytes                        = 1048576                                   {product} {ergonomic}
    uintx NonNMethodCodeHeapSize                   = 5836300                                {pd product} {ergonomic}
    uintx NonProfiledCodeHeapSize                  = 122910970                              {pd product} {ergonomic}
    uintx ProfiledCodeHeapSize                     = 122910970                              {pd product} {ergonomic}
    uintx ReservedCodeCacheSize                    = 251658240                              {pd product} {ergonomic}
     bool SegmentedCodeCache                       = true                                      {product} {ergonomic}
     bool UseCompressedClassPointers               = true                                 {lp64_product} {ergonomic}
     bool UseCompressedOops                        = true                                 {lp64_product} {ergonomic}
     bool UseG1GC                                  = true                                      {product} {ergonomic}
     bool UseLargePagesIndividualAllocation        = false                                  {pd product} {ergonomic}

Logging:
Log output configuration:
 #0: stdout all=warning uptime,level,tags
 #1: stderr all=off uptime,level,tags

Environment Variables:
JAVA_HOME=C:\Program Files\Java\jdk1.8.0_261
PATH=C:\Program Files\Docker\Docker\resources\bin;C:\ProgramData\DockerDesktop\version-bin;C:\Program Files (x86)\Common Files\Oracle\Java\javapath;C:\Windows\system32;C:\Windows;C:\Windows\System32\Wbem;C:\Windows\System32\WindowsPowerShell\v1.0\;C:\Windows\System32\OpenSSH\;C:\Program Files\Java\jdk1.8.0_261\bin;C:\apache-maven-3.6.3\bin;C:\minikube;C:\Program Files\Git\cmd;C:\ProgramData\chocolatey\bin;C:\Users\X11608\AppData\Roaming\nvm;C:\Program Files\nodejs;C:\Users\X11608\AppData\Local\Programs\Python\Python310\Scripts\;C:\Users\X11608\AppData\Local\Programs\Python\Python310\;C:\Users\X11608\AppData\Local\Microsoft\WindowsApps;C:\Users\X11608\AppData\Local\Programs\Microsoft VS Code\bin;C:\Users\X11608\AppData\Local\Programs\Git\cmd;C:\Users\X11608\AppData\Roaming\npm;C:\Program Files\New Relic\New Relic CLI\;C:\Users\X11608\bin;C:\Users\X11608\AppData\Roaming\nvm;C:\Program Files\nodejs
USERNAME=X11608
OS=Windows_NT
PROCESSOR_IDENTIFIER=Intel64 Family 6 Model 142 Stepping 12, GenuineIntel



---------------  S Y S T E M  ---------------

OS: Windows 10 , 64 bit Build 19041 (10.0.19041.2364)
OS uptime: 1 days 22:36 hours
Hyper-V role detected

CPU:total 8 (initial active 8) (4 cores per cpu, 2 threads per core) family 6 model 142 stepping 12 microcode 0xd6, cmov, cx8, fxsr, mmx, sse, sse2, sse3, ssse3, sse4.1, sse4.2, popcnt, avx, avx2, aes, clmul, erms, 3dnowpref, lzcnt, ht, tsc, tscinvbit, bmi1, bmi2, adx, fma

Memory: 4k page, system-wide physical 16131M (520M free)
TotalPageFile size 42755M (AvailPageFile size 8096M)
current process WorkingSet (physical memory assigned to process): 51M, peak: 51M
current process commit charge ("private bytes"): 344M, peak: 344M

vm_info: OpenJDK 64-Bit Server VM (11.0.15+9-LTS) for windows-amd64 JRE (11.0.15+9-LTS), built on Apr 15 2022 22:20:31 by "Administrator" with unknown MS VC++:1916

END.
